Using pre-set license
Built from '2021.3/evg/staging/82bb020e-b03b1330/draft-0' branch; Version is '2021.3.16f1 (4016570cf34f) revision 4200023'; Using compiler version '192829333'; Build Type 'Release'
OS: 'Windows 11  (10.0.26200) 64bit Core' Language: 'fr' Physical Memory: 32562 MB
BatchMode: 1, IsHumanControllingUs: 0, StartBugReporterOnCrash: 0, Is64bit: 1, IsPro: 1

COMMAND LINE ARGUMENTS:
C:\Program Files\Unity\Hub\Editor\2021.3.16f1\Editor\Unity.exe
-adb2
-batchMode
-noUpm
-name
AssetImportWorker0
-projectPath
C:/Users/Lctay/Documents/GitHub/Perso/Battle-nets
-logFile
Logs/AssetImportWorker0.log
-srvPort
60037
Successfully changed project path to: C:/Users/Lctay/Documents/GitHub/Perso/Battle-nets
C:/Users/Lctay/Documents/GitHub/Perso/Battle-nets
[UnityMemory] Configuration Parameters - Can be set up in boot.config
    "memorysetup-bucket-allocator-granularity=16"
    "memorysetup-bucket-allocator-bucket-count=8"
    "memorysetup-bucket-allocator-block-size=33554432"
    "memorysetup-bucket-allocator-block-count=8"
    "memorysetup-main-allocator-block-size=16777216"
    "memorysetup-thread-allocator-block-size=16777216"
    "memorysetup-gfx-main-allocator-block-size=16777216"
    "memorysetup-gfx-thread-allocator-block-size=16777216"
    "memorysetup-cache-allocator-block-size=4194304"
    "memorysetup-typetree-allocator-block-size=2097152"
    "memorysetup-profiler-bucket-allocator-granularity=16"
    "memorysetup-profiler-bucket-allocator-bucket-count=8"
    "memorysetup-profiler-bucket-allocator-block-size=33554432"
    "memorysetup-profiler-bucket-allocator-block-count=8"
    "memorysetup-profiler-allocator-block-size=16777216"
    "memorysetup-profiler-editor-allocator-block-size=1048576"
    "memorysetup-temp-allocator-size-main=16777216"
    "memorysetup-job-temp-allocator-block-size=2097152"
    "memorysetup-job-temp-allocator-block-size-background=1048576"
    "memorysetup-job-temp-allocator-reduction-small-platforms=262144"
    "memorysetup-temp-allocator-size-background-worker=32768"
    "memorysetup-temp-allocator-size-job-worker=262144"
    "memorysetup-temp-allocator-size-preload-manager=33554432"
    "memorysetup-temp-allocator-size-nav-mesh-worker=65536"
    "memorysetup-temp-allocator-size-audio-worker=65536"
    "memorysetup-temp-allocator-size-cloud-worker=32768"
    "memorysetup-temp-allocator-size-gi-baking-worker=262144"
    "memorysetup-temp-allocator-size-gfx=262144"
Player connection [20004] Host "[IP] 192.168.1.142 [Port] 0 [Flags] 2 [Guid] 1632379581 [EditorId] 1632379581 [Version] 1048832 [Id] WindowsEditor(7,BaseStation_OSr) [Debug] 1 [PackageName] WindowsEditor [ProjectName] Editor" joined multi-casting on [225.0.0.222:54997]...

Player connection [20004] Host "[IP] 192.168.1.142 [Port] 0 [Flags] 2 [Guid] 1632379581 [EditorId] 1632379581 [Version] 1048832 [Id] WindowsEditor(7,BaseStation_OSr) [Debug] 1 [PackageName] WindowsEditor [ProjectName] Editor" joined alternative multi-casting on [225.0.0.222:34997]...

Refreshing native plugins compatible for Editor in 93.15 ms, found 3 plugins.
Preloading 0 native plugins for Editor in 0.00 ms.
Initialize engine version: 2021.3.16f1 (4016570cf34f)
[Subsystems] Discovering subsystems at path C:/Program Files/Unity/Hub/Editor/2021.3.16f1/Editor/Data/Resources/UnitySubsystems
[Subsystems] Discovering subsystems at path C:/Users/Lctay/Documents/GitHub/Perso/Battle-nets/Assets
GfxDevice: creating device client; threaded=0; jobified=0
Direct3D:
    Version:  Direct3D 11.0 [level 11.1]
    Renderer: NVIDIA GeForce RTX 3050 (ID=0x2507)
    Vendor:   NVIDIA
    VRAM:     8042 MB
    Driver:   32.0.15.9186
Initialize mono
Mono path[0] = 'C:/Program Files/Unity/Hub/Editor/2021.3.16f1/Editor/Data/Managed'
Mono path[1] = 'C:/Program Files/Unity/Hub/Editor/2021.3.16f1/Editor/Data/MonoBleedingEdge/lib/mono/unityjit-win32'
Mono config path = 'C:/Program Files/Unity/Hub/Editor/2021.3.16f1/Editor/Data/MonoBleedingEdge/etc'
Using monoOptions --debugger-agent=transport=dt_socket,embedding=1,server=y,suspend=n,address=127.0.0.1:56420
Begin MonoManager ReloadAssembly
Registering precompiled unity dll's ...
Register platform support module: C:/Program Files/Unity/Hub/Editor/2021.3.16f1/Editor/Data/PlaybackEngines/AndroidPlayer/UnityEditor.Android.Extensions.dll
Register platform support module: C:/Program Files/Unity/Hub/Editor/2021.3.16f1/Editor/Data/PlaybackEngines/WindowsStandaloneSupport/UnityEditor.WindowsStandalone.Extensions.dll
Registered in 0.006371 seconds.
Native extension for WindowsStandalone target not found
Native extension for Android target not found
Refreshing native plugins compatible for Editor in 91.73 ms, found 3 plugins.
Preloading 0 native plugins for Editor in 0.00 ms.
Mono: successfully reloaded assembly
- Completed reload, in  0.717 seconds
Domain Reload Profiling:
	ReloadAssembly (717ms)
		BeginReloadAssembly (86ms)
			ExecutionOrderSort (0ms)
			DisableScriptedObjects (0ms)
			BackupInstance (0ms)
			ReleaseScriptingObjects (0ms)
			CreateAndSetChildDomain (1ms)
		EndReloadAssembly (513ms)
			LoadAssemblies (84ms)
			RebuildTransferFunctionScriptingTraits (0ms)
			SetupTypeCache (116ms)
			ReleaseScriptCaches (0ms)
			RebuildScriptCaches (32ms)
			SetupLoadedEditorAssemblies (308ms)
				LogAssemblyErrors (0ms)
				InitializePlatformSupportModulesInManaged (59ms)
				SetLoadedEditorAssemblies (0ms)
				RefreshPlugins (92ms)
				BeforeProcessingInitializeOnLoad (1ms)
				ProcessInitializeOnLoadAttributes (106ms)
				ProcessInitializeOnLoadMethodAttributes (49ms)
				AfterProcessingInitializeOnLoad (0ms)
				EditorAssembliesLoaded (0ms)
			ExecutionOrderSort2 (0ms)
			AwakeInstancesAfterBackupRestoration (0ms)
Platform modules already initialized, skipping
Registering precompiled user dll's ...
Registered in 0.007298 seconds.
Begin MonoManager ReloadAssembly
Symbol file LoadedFromMemory doesn't match image C:\Users\Lctay\Documents\GitHub\Perso\Battle-nets\Library\PackageCache\com.unity.visualscripting@1.7.8\Editor\VisualScripting.Core\Dependencies\YamlDotNet\Unity.VisualScripting.YamlDotNet.dll
Symbol file LoadedFromMemory doesn't match image C:\Users\Lctay\Documents\GitHub\Perso\Battle-nets\Library\PackageCache\com.unity.visualscripting@1.7.8\Editor\VisualScripting.Core\Dependencies\DotNetZip\Unity.VisualScripting.IonicZip.dll
Native extension for WindowsStandalone target not found
Native extension for Android target not found
Refreshing native plugins compatible for Editor in 0.91 ms, found 3 plugins.
Preloading 0 native plugins for Editor in 0.00 ms.
Mono: successfully reloaded assembly
- Completed reload, in  1.257 seconds
Domain Reload Profiling:
	ReloadAssembly (1258ms)
		BeginReloadAssembly (241ms)
			ExecutionOrderSort (0ms)
			DisableScriptedObjects (7ms)
			BackupInstance (0ms)
			ReleaseScriptingObjects (0ms)
			CreateAndSetChildDomain (139ms)
		EndReloadAssembly (896ms)
			LoadAssemblies (103ms)
			RebuildTransferFunctionScriptingTraits (0ms)
			SetupTypeCache (287ms)
			ReleaseScriptCaches (1ms)
			RebuildScriptCaches (58ms)
			SetupLoadedEditorAssemblies (409ms)
				LogAssemblyErrors (0ms)
				InitializePlatformSupportModulesInManaged (17ms)
				SetLoadedEditorAssemblies (0ms)
				RefreshPlugins (1ms)
				BeforeProcessingInitializeOnLoad (97ms)
				ProcessInitializeOnLoadAttributes (255ms)
				ProcessInitializeOnLoadMethodAttributes (29ms)
				AfterProcessingInitializeOnLoad (9ms)
				EditorAssembliesLoaded (0ms)
			ExecutionOrderSort2 (0ms)
			AwakeInstancesAfterBackupRestoration (7ms)
Platform modules already initialized, skipping
========================================================================
Worker process is ready to serve import requests
Shader 'SimpleURPToonLitExample(With Outline)': fallback shader 'Hidden/Universal Render Pipeline/FallbackError' not found
Shader 'SimpleURPToonLitExample(With Outline)': fallback shader 'Hidden/Universal Render Pipeline/FallbackError' not found
Launched and connected shader compiler UnityShaderCompiler.exe after 0.04 seconds
Refreshing native plugins compatible for Editor in 1.66 ms, found 3 plugins.
Preloading 0 native plugins for Editor in 0.00 ms.
Unloading 3509 Unused Serialized files (Serialized files now loaded: 0)
Unloading 27 unused Assets / (179.9 KB). Loaded Objects now: 3979.
Memory consumption went from 126.3 MB to 126.1 MB.
Total: 7.914700 ms (FindLiveObjects: 0.647300 ms CreateObjectMapping: 0.560000 ms MarkObjects: 6.269900 ms  DeleteObjects: 0.435800 ms)

AssetImportParameters requested are different than current active one (requested -> active):
  custom:video-decoder-ogg-theora: a1e56fd34408186e4bbccfd4996cb3dc -> 
  custom:container-muxer-webm: aa71ff27fc2769a1b78a27578f13a17b -> 
  custom:container-demuxer-webm: 4f35f7cbe854078d1ac9338744f61a02 -> 
  custom:video-encoder-webm-vp8: eb34c28f22e8b96e1ab97ce403110664 -> 
  custom:video-codec-MediaFoundation-h265: 746d11721c4dcdbdad8f713fa42b33f4 -> 
  custom:audio-encoder-webm-vorbis: bf7c407c2cedff20999df2af8eb42d56 -> 
  custom:framework-win-MediaFoundation: 216162199b28c13a410421893ffa2e32 -> 
  custom:container-demuxer-ogg: 62fdf1f143b41e24485cea50d1cbac27 -> 
  custom:video-decoder-webm-vp8: 9c59270c3fd7afecdb556c50c9e8de78 -> 
  custom:audio-decoder-ogg-vorbis: bf7c407c2cedff20999df2af8eb42d56 -> 
========================================================================
Received Import Request.
  Time since last request: 2448.385100 seconds.
  path: Assets/Resources/Script
  artifactKey: Guid(b747af0b9f5594e4e9685f77f8580c52) Importer(815301076,1909f56bfc062723c751e8b465ee728b)
Start importing Assets/Resources/Script using Guid(b747af0b9f5594e4e9685f77f8580c52) Importer(815301076,1909f56bfc062723c751e8b465ee728b)  -> (artifact id: '25a56ac859f7a300046688a60ab99941') in 0.027716 seconds 
========================================================================
Received Import Request.
  Time since last request: 6.997419 seconds.
  path: Assets/UXML
  artifactKey: Guid(8799b707db88a33488b46e989edfad59) Importer(815301076,1909f56bfc062723c751e8b465ee728b)
Start importing Assets/UXML using Guid(8799b707db88a33488b46e989edfad59) Importer(815301076,1909f56bfc062723c751e8b465ee728b)  -> (artifact id: '7e3c429a1c83b591f32e04a89d83bbd2') in 0.017741 seconds 
========================================================================
Received Import Request.
  Time since last request: 0.026604 seconds.
  path: Assets/UXML/InstanceUXML.uxml
  artifactKey: Guid(35a6944995d7fd744a1d88f2bd4597d6) Importer(815301076,1909f56bfc062723c751e8b465ee728b)
Start importing Assets/UXML/InstanceUXML.uxml using Guid(35a6944995d7fd744a1d88f2bd4597d6) Importer(815301076,1909f56bfc062723c751e8b465ee728b)  -> (artifact id: '5833d5492590c072f3867653b0d75886') in 0.156393 seconds 
========================================================================
Received Import Request.
  Time since last request: 5.753949 seconds.
  path: Assets/Resources/Script/Class
  artifactKey: Guid(dc422a27e06b9ef4896964325e14f0d9) Importer(815301076,1909f56bfc062723c751e8b465ee728b)
Start importing Assets/Resources/Script/Class using Guid(dc422a27e06b9ef4896964325e14f0d9) Importer(815301076,1909f56bfc062723c751e8b465ee728b)  -> (artifact id: '82c603f0cac9d8bcdc8dadc7d8b49c2c') in 0.012369 seconds 
========================================================================
Received Import Request.
  Time since last request: 0.723078 seconds.
  path: Assets/Resources/Script/Class/TalentScriptableObject.cs
  artifactKey: Guid(a6dad758d21cc8740ac004c53d36ce64) Importer(815301076,1909f56bfc062723c751e8b465ee728b)
Start importing Assets/Resources/Script/Class/TalentScriptableObject.cs using Guid(a6dad758d21cc8740ac004c53d36ce64) Importer(815301076,1909f56bfc062723c751e8b465ee728b)  -> (artifact id: '0ef72af31cfd85d0dba75655e33301eb') in 0.021818 seconds 
========================================================================
Received Import Request.
  Time since last request: 2.541450 seconds.
  path: Assets/Resources/Script/Spells
  artifactKey: Guid(851ccc73965a89b4aaa4368bd98c2858) Importer(815301076,1909f56bfc062723c751e8b465ee728b)
Start importing Assets/Resources/Script/Spells using Guid(851ccc73965a89b4aaa4368bd98c2858) Importer(815301076,1909f56bfc062723c751e8b465ee728b)  -> (artifact id: 'c41cf3179013809bf28abf7bae8f346a') in 0.014760 seconds 
========================================================================
Received Import Request.
  Time since last request: 0.031635 seconds.
  path: Assets/Resources/Script/Spells/testInstance.asset
  artifactKey: Guid(57bf8d46dc311484bbb1a212e98bbdbf) Importer(815301076,1909f56bfc062723c751e8b465ee728b)
Start importing Assets/Resources/Script/Spells/testInstance.asset using Guid(57bf8d46dc311484bbb1a212e98bbdbf) Importer(815301076,1909f56bfc062723c751e8b465ee728b)  -> (artifact id: '053df8ecd460c04a444a3b78f4f17eff') in 0.013705 seconds 
========================================================================
Received Import Request.
  Time since last request: 19.388938 seconds.
  path: Assets/Resources/Script/Talents
  artifactKey: Guid(652d89f08545b584ebcbb248d099c313) Importer(815301076,1909f56bfc062723c751e8b465ee728b)
Start importing Assets/Resources/Script/Talents using Guid(652d89f08545b584ebcbb248d099c313) Importer(815301076,1909f56bfc062723c751e8b465ee728b)  -> (artifact id: 'c9cdae490d6564418ec304c0d6469680') in 0.012152 seconds 
========================================================================
Received Import Request.
  Time since last request: 0.966454 seconds.
  path: Assets/Resources/Script/Talents/TalentManager.cs
  artifactKey: Guid(8999420af57fd2543ad8c02f55ae7cd7) Importer(815301076,1909f56bfc062723c751e8b465ee728b)
Start importing Assets/Resources/Script/Talents/TalentManager.cs using Guid(8999420af57fd2543ad8c02f55ae7cd7) Importer(815301076,1909f56bfc062723c751e8b465ee728b)  -> (artifact id: '1bc730615dec24a8b55b11c0f476f34d') in 0.012378 seconds 
========================================================================
Received Import Request.
  Time since last request: 0.455039 seconds.
  path: Assets/Resources/Script/Talents/TalentObject
  artifactKey: Guid(be9f73a759b32de4b89199e63bae6f77) Importer(815301076,1909f56bfc062723c751e8b465ee728b)
Start importing Assets/Resources/Script/Talents/TalentObject using Guid(be9f73a759b32de4b89199e63bae6f77) Importer(815301076,1909f56bfc062723c751e8b465ee728b)  -> (artifact id: 'e21da9a7deb300c1f543527426a9cac5') in 0.013747 seconds 
========================================================================
Received Import Request.
  Time since last request: 0.035077 seconds.
  path: Assets/Resources/Script/Talents/TalentObject/blank.asset
  artifactKey: Guid(253326ffe44464c48af331e88c287fa4) Importer(815301076,1909f56bfc062723c751e8b465ee728b)
Start importing Assets/Resources/Script/Talents/TalentObject/blank.asset using Guid(253326ffe44464c48af331e88c287fa4) Importer(815301076,1909f56bfc062723c751e8b465ee728b)  -> (artifact id: '605eb2819bf74a241122f357c2f45d5a') in 0.010294 seconds 
========================================================================
Received Prepare
Registering precompiled user dll's ...
Registered in 0.006798 seconds.
Begin MonoManager ReloadAssembly
Symbol file LoadedFromMemory doesn't match image C:\Users\Lctay\Documents\GitHub\Perso\Battle-nets\Library\PackageCache\com.unity.visualscripting@1.7.8\Editor\VisualScripting.Core\Dependencies\YamlDotNet\Unity.VisualScripting.YamlDotNet.dll
Symbol file LoadedFromMemory doesn't match image C:\Users\Lctay\Documents\GitHub\Perso\Battle-nets\Library\PackageCache\com.unity.visualscripting@1.7.8\Editor\VisualScripting.Core\Dependencies\DotNetZip\Unity.VisualScripting.IonicZip.dll
Native extension for WindowsStandalone target not found
Native extension for Android target not found
Refreshing native plugins compatible for Editor in 1.23 ms, found 3 plugins.
Preloading 0 native plugins for Editor in 0.00 ms.
Mono: successfully reloaded assembly
- Completed reload, in  1.142 seconds
Domain Reload Profiling:
	ReloadAssembly (1143ms)
		BeginReloadAssembly (157ms)
			ExecutionOrderSort (0ms)
			DisableScriptedObjects (6ms)
			BackupInstance (0ms)
			ReleaseScriptingObjects (0ms)
			CreateAndSetChildDomain (47ms)
		EndReloadAssembly (872ms)
			LoadAssemblies (94ms)
			RebuildTransferFunctionScriptingTraits (0ms)
			SetupTypeCache (298ms)
			ReleaseScriptCaches (2ms)
			RebuildScriptCaches (49ms)
			SetupLoadedEditorAssemblies (382ms)
				LogAssemblyErrors (0ms)
				InitializePlatformSupportModulesInManaged (26ms)
				SetLoadedEditorAssemblies (1ms)
				RefreshPlugins (1ms)
				BeforeProcessingInitializeOnLoad (76ms)
				ProcessInitializeOnLoadAttributes (239ms)
				ProcessInitializeOnLoadMethodAttributes (30ms)
				AfterProcessingInitializeOnLoad (9ms)
				EditorAssembliesLoaded (0ms)
			ExecutionOrderSort2 (0ms)
			AwakeInstancesAfterBackupRestoration (8ms)
Platform modules already initialized, skipping
Shader 'SimpleURPToonLitExample(With Outline)': fallback shader 'Hidden/Universal Render Pipeline/FallbackError' not found
Shader 'SimpleURPToonLitExample(With Outline)': fallback shader 'Hidden/Universal Render Pipeline/FallbackError' not found
Refreshing native plugins compatible for Editor in 3.00 ms, found 3 plugins.
Preloading 0 native plugins for Editor in 0.00 ms.
Unloading 3490 Unused Serialized files (Serialized files now loaded: 0)
Unloading 21 unused Assets / (172.7 KB). Loaded Objects now: 3983.
Memory consumption went from 124.8 MB to 124.7 MB.
Total: 3.676700 ms (FindLiveObjects: 0.290100 ms CreateObjectMapping: 0.259500 ms MarkObjects: 2.950800 ms  DeleteObjects: 0.175100 ms)

AssetImportParameters requested are different than current active one (requested -> active):
  custom:video-decoder-ogg-theora: a1e56fd34408186e4bbccfd4996cb3dc -> 
  custom:container-muxer-webm: aa71ff27fc2769a1b78a27578f13a17b -> 
  custom:container-demuxer-webm: 4f35f7cbe854078d1ac9338744f61a02 -> 
  custom:video-encoder-webm-vp8: eb34c28f22e8b96e1ab97ce403110664 -> 
  custom:video-codec-MediaFoundation-h265: 746d11721c4dcdbdad8f713fa42b33f4 -> 
  custom:audio-encoder-webm-vorbis: bf7c407c2cedff20999df2af8eb42d56 -> 
  custom:framework-win-MediaFoundation: 216162199b28c13a410421893ffa2e32 -> 
  custom:container-demuxer-ogg: 62fdf1f143b41e24485cea50d1cbac27 -> 
  custom:video-decoder-webm-vp8: 9c59270c3fd7afecdb556c50c9e8de78 -> 
  custom:audio-decoder-ogg-vorbis: bf7c407c2cedff20999df2af8eb42d56 -> 
========================================================================
Received Import Request.
  Time since last request: 45.580725 seconds.
  path: Assets/Resources/Script/Spells/Projectiles
  artifactKey: Guid(551bb7476164d9a40adcff06a77f68f0) Importer(815301076,1909f56bfc062723c751e8b465ee728b)
Start importing Assets/Resources/Script/Spells/Projectiles using Guid(551bb7476164d9a40adcff06a77f68f0) Importer(815301076,1909f56bfc062723c751e8b465ee728b)  -> (artifact id: '3d7750dfdf303723d354aa9cc50946d8') in 0.018660 seconds 
========================================================================
Received Import Request.
  Time since last request: 0.063939 seconds.
  path: Assets/Resources/Script/Spells/Projectiles/Alo.asset
  artifactKey: Guid(f20140e5e8d073b4299ba5f736fd8643) Importer(815301076,1909f56bfc062723c751e8b465ee728b)
Start importing Assets/Resources/Script/Spells/Projectiles/Alo.asset using Guid(f20140e5e8d073b4299ba5f736fd8643) Importer(815301076,1909f56bfc062723c751e8b465ee728b)  -> (artifact id: 'eaf51814ac17ca3199b12eced118db8f') in 0.028113 seconds 
========================================================================
Received Import Request.
  Time since last request: 0.000036 seconds.
  path: Assets/Resources/Script/Spells/Projectiles/icicle.asset
  artifactKey: Guid(35053d0cd5949914b81fed994faa1086) Importer(815301076,1909f56bfc062723c751e8b465ee728b)
Start importing Assets/Resources/Script/Spells/Projectiles/icicle.asset using Guid(35053d0cd5949914b81fed994faa1086) Importer(815301076,1909f56bfc062723c751e8b465ee728b)  -> (artifact id: '740bdb38d87c0aba8e8847ee49f22afd') in 0.018088 seconds 
========================================================================
Received Import Request.
  Time since last request: 0.000042 seconds.
  path: Assets/Resources/Script/Spells/Projectiles/zap.asset
  artifactKey: Guid(b260a302b7f6c544ab52d5296d09b0cc) Importer(815301076,1909f56bfc062723c751e8b465ee728b)
Start importing Assets/Resources/Script/Spells/Projectiles/zap.asset using Guid(b260a302b7f6c544ab52d5296d09b0cc) Importer(815301076,1909f56bfc062723c751e8b465ee728b)  -> (artifact id: '929519266e1b1013ab788f433a28bc5f') in 0.014258 seconds 
========================================================================
Received Import Request.
  Time since last request: 0.000031 seconds.
  path: Assets/Resources/Script/Spells/Projectiles/warningShot.asset
  artifactKey: Guid(69466fe0050664143a7ddaeec062e660) Importer(815301076,1909f56bfc062723c751e8b465ee728b)
Start importing Assets/Resources/Script/Spells/Projectiles/warningShot.asset using Guid(69466fe0050664143a7ddaeec062e660) Importer(815301076,1909f56bfc062723c751e8b465ee728b)  -> (artifact id: 'acad0dfdf0e04c4e41b8b07ba1306fbd') in 0.013023 seconds 
========================================================================
Received Import Request.
  Time since last request: 0.000028 seconds.
  path: Assets/Resources/Script/Spells/Projectiles/toxicVial.asset
  artifactKey: Guid(6baf07d217c8921449907cc6f8232746) Importer(815301076,1909f56bfc062723c751e8b465ee728b)
Start importing Assets/Resources/Script/Spells/Projectiles/toxicVial.asset using Guid(6baf07d217c8921449907cc6f8232746) Importer(815301076,1909f56bfc062723c751e8b465ee728b)  -> (artifact id: 'fa71fd8a0a97d9c8364ca4de39f50672') in 0.014103 seconds 
========================================================================
Received Import Request.
  Time since last request: 0.000088 seconds.
  path: Assets/Resources/Script/Spells/Projectiles/sacrifice.asset
  artifactKey: Guid(9843d49a8582b7d4baa938e960b90c7d) Importer(815301076,1909f56bfc062723c751e8b465ee728b)
Start importing Assets/Resources/Script/Spells/Projectiles/sacrifice.asset using Guid(9843d49a8582b7d4baa938e960b90c7d) Importer(815301076,1909f56bfc062723c751e8b465ee728b)  -> (artifact id: '429dfdc7de3043787b86772e0d4fe407') in 0.013997 seconds 
========================================================================
Received Import Request.
  Time since last request: 0.000028 seconds.
  path: Assets/Resources/Script/Spells/Projectiles/upWind.asset
  artifactKey: Guid(1e5d7141ab10be14b9892100ca8dcd51) Importer(815301076,1909f56bfc062723c751e8b465ee728b)
Start importing Assets/Resources/Script/Spells/Projectiles/upWind.asset using Guid(1e5d7141ab10be14b9892100ca8dcd51) Importer(815301076,1909f56bfc062723c751e8b465ee728b)  -> (artifact id: '1e667af7b0cfea134b18fc234fe18c6b') in 0.012191 seconds 
========================================================================
Received Import Request.
  Time since last request: 0.000033 seconds.
  path: Assets/Resources/Script/Spells/Projectiles/darts.asset
  artifactKey: Guid(0f6713e1fd04b604ca8c5b112cd3b7f9) Importer(815301076,1909f56bfc062723c751e8b465ee728b)
Start importing Assets/Resources/Script/Spells/Projectiles/darts.asset using Guid(0f6713e1fd04b604ca8c5b112cd3b7f9) Importer(815301076,1909f56bfc062723c751e8b465ee728b)  -> (artifact id: 'bce8e8248c910a937d05616882ff8369') in 0.012689 seconds 
========================================================================
Received Import Request.
  Time since last request: 0.000049 seconds.
  path: Assets/Resources/Script/Spells/Projectiles/Discharge.asset
  artifactKey: Guid(1acb0bdc4544444498c0e328dea7561d) Importer(815301076,1909f56bfc062723c751e8b465ee728b)
Start importing Assets/Resources/Script/Spells/Projectiles/Discharge.asset using Guid(1acb0bdc4544444498c0e328dea7561d) Importer(815301076,1909f56bfc062723c751e8b465ee728b)  -> (artifact id: '4c7948208db662bebfe10fb4a8eb13a2') in 0.012234 seconds 
========================================================================
Received Import Request.
  Time since last request: 2.072605 seconds.
  path: Assets/Resources/Script/Spells/Instance
  artifactKey: Guid(5b4304290dc58e94b91e45751a12c7c1) Importer(815301076,1909f56bfc062723c751e8b465ee728b)
Start importing Assets/Resources/Script/Spells/Instance using Guid(5b4304290dc58e94b91e45751a12c7c1) Importer(815301076,1909f56bfc062723c751e8b465ee728b)  -> (artifact id: '8a145ec296b817d2596e1cdb1e03b5dc') in 0.011803 seconds 
========================================================================
Received Import Request.
  Time since last request: 0.046422 seconds.
  path: Assets/Resources/Script/Spells/Instance/arson.asset
  artifactKey: Guid(44d24372b4380344f848f445d49f4688) Importer(815301076,1909f56bfc062723c751e8b465ee728b)
Start importing Assets/Resources/Script/Spells/Instance/arson.asset using Guid(44d24372b4380344f848f445d49f4688) Importer(815301076,1909f56bfc062723c751e8b465ee728b)  -> (artifact id: '649b4b109b2e1d7ed0279e2cfd83171d') in 0.012032 seconds 
========================================================================
Received Import Request.
  Time since last request: 0.000043 seconds.
  path: Assets/Resources/Script/Spells/Instance/playWithFire.asset
  artifactKey: Guid(89ff0b12001132244a2146f2e77d2628) Importer(815301076,1909f56bfc062723c751e8b465ee728b)
Start importing Assets/Resources/Script/Spells/Instance/playWithFire.asset using Guid(89ff0b12001132244a2146f2e77d2628) Importer(815301076,1909f56bfc062723c751e8b465ee728b)  -> (artifact id: 'af17dfb063110922c8837928af2ada30') in 0.012560 seconds 
========================================================================
Received Import Request.
  Time since last request: 0.000027 seconds.
  path: Assets/Resources/Script/Spells/Instance/trickShot.asset
  artifactKey: Guid(8b7201e4c1999aa4bad16e68d348a6ea) Importer(815301076,1909f56bfc062723c751e8b465ee728b)
Start importing Assets/Resources/Script/Spells/Instance/trickShot.asset using Guid(8b7201e4c1999aa4bad16e68d348a6ea) Importer(815301076,1909f56bfc062723c751e8b465ee728b)  -> (artifact id: 'f13c4ccde5fd1e83bc7eece82135567a') in 0.011695 seconds 
========================================================================
Received Import Request.
  Time since last request: 0.000032 seconds.
  path: Assets/Resources/Script/Spells/Instance/centerStage.asset
  artifactKey: Guid(f831b91c29b85e34d8f3487cc5f5d190) Importer(815301076,1909f56bfc062723c751e8b465ee728b)
Start importing Assets/Resources/Script/Spells/Instance/centerStage.asset using Guid(f831b91c29b85e34d8f3487cc5f5d190) Importer(815301076,1909f56bfc062723c751e8b465ee728b)  -> (artifact id: 'b4b18a6688c75a961dd6fe65dbc778ec') in 0.011735 seconds 
========================================================================
Received Import Request.
  Time since last request: 0.000049 seconds.
  path: Assets/Resources/Script/Spells/Instance/roulette.asset
  artifactKey: Guid(c641de29a2de4074fb725ef8f1c6c75a) Importer(815301076,1909f56bfc062723c751e8b465ee728b)
Start importing Assets/Resources/Script/Spells/Instance/roulette.asset using Guid(c641de29a2de4074fb725ef8f1c6c75a) Importer(815301076,1909f56bfc062723c751e8b465ee728b)  -> (artifact id: '7f8b8d9986f37443c220565c5a97ffea') in 0.012916 seconds 
========================================================================
Received Import Request.
  Time since last request: 0.000026 seconds.
  path: Assets/Resources/Script/Spells/Instance/tempete.asset
  artifactKey: Guid(075a9a0fd56780643939c64d4cf4d7ef) Importer(815301076,1909f56bfc062723c751e8b465ee728b)
Start importing Assets/Resources/Script/Spells/Instance/tempete.asset using Guid(075a9a0fd56780643939c64d4cf4d7ef) Importer(815301076,1909f56bfc062723c751e8b465ee728b)  -> (artifact id: 'd94e5a7f3f73b8e800811e3979642a5f') in 0.010719 seconds 
========================================================================
Received Import Request.
  Time since last request: 0.000047 seconds.
  path: Assets/Resources/Script/Spells/Instance/showStopper.asset
  artifactKey: Guid(8b0ff6a16a7d7fb4cb8891ddcf4fe2a6) Importer(815301076,1909f56bfc062723c751e8b465ee728b)
Start importing Assets/Resources/Script/Spells/Instance/showStopper.asset using Guid(8b0ff6a16a7d7fb4cb8891ddcf4fe2a6) Importer(815301076,1909f56bfc062723c751e8b465ee728b)  -> (artifact id: 'bd6680fb91621fc4f26c9cd8cd3c664b') in 0.011093 seconds 
========================================================================
Received Import Request.
  Time since last request: 0.000024 seconds.
  path: Assets/Resources/Script/Spells/Instance/Cut.asset
  artifactKey: Guid(11f45ee08043f8e44971a18af8511ff2) Importer(815301076,1909f56bfc062723c751e8b465ee728b)
Start importing Assets/Resources/Script/Spells/Instance/Cut.asset using Guid(11f45ee08043f8e44971a18af8511ff2) Importer(815301076,1909f56bfc062723c751e8b465ee728b)  -> (artifact id: 'c15a511d698782a88435aa43b4e66bf0') in 0.011290 seconds 
========================================================================
Received Import Request.
  Time since last request: 0.000026 seconds.
  path: Assets/Resources/Script/Spells/Instance/turbine.asset
  artifactKey: Guid(61dd76aaf6cd9ef47b5ab75b4fb1de75) Importer(815301076,1909f56bfc062723c751e8b465ee728b)
Start importing Assets/Resources/Script/Spells/Instance/turbine.asset using Guid(61dd76aaf6cd9ef47b5ab75b4fb1de75) Importer(815301076,1909f56bfc062723c751e8b465ee728b)  -> (artifact id: '75e1dd270341cfbedbfa8de7f48f5ae5') in 0.010671 seconds 
Editor requested this worker to shutdown with reason: Scaling down because of idle timeout
AssetImportWorker is now disconnected from the server
Process exiting
Exiting without the bug reporter. Application will terminate with return code 0